<?xml version="1.0" encoding="UTF-8"?>
<testng-results ignored="0" total="1" passed="1" failed="0" skipped="0">
  <reporter-output>
  </reporter-output>
  <suite started-at="2025-07-05T23:18:42 IST" name="Surefire suite" finished-at="2025-07-05T23:18:42 IST" duration-ms="14">
    <groups>
    </groups>
    <test started-at="2025-07-05T23:18:42 IST" name="Surefire test" finished-at="2025-07-05T23:18:42 IST" duration-ms="14">
      <class name="com.practice.tests.DemoTest">
        <test-method signature="testOpenUrl()[pri:0, instance:com.practice.tests.DemoTest@17776a8]" started-at="2025-07-05T23:18:42 IST" name="testOpenUrl" finished-at="2025-07-05T23:18:42 IST" duration-ms="2" status="PASS">
          <reporter-output>
          </reporter-output>
        </test-method> <!-- testOpenUrl -->
      </class> <!-- com.practice.tests.DemoTest -->
    </test> <!-- Surefire test -->
  </suite> <!-- Surefire suite -->
</testng-results>
