<?xml version="1.0" encoding="UTF-8"?>
<testng-results ignored="0" total="2" passed="2" failed="0" skipped="0">
  <reporter-output>
  </reporter-output>
  <suite started-at="2025-07-20T12:25:35 IST" name="Surefire suite" finished-at="2025-07-20T12:25:48 IST" duration-ms="12936">
    <groups>
    </groups>
    <test started-at="2025-07-20T12:25:35 IST" name="Surefire test" finished-at="2025-07-20T12:25:48 IST" duration-ms="12936">
      <class name="com.practice.tests.DemoTest">
        <test-method signature="testOpenUrl()[pri:0, instance:com.practice.tests.DemoTest@7de62196]" started-at="2025-07-20T12:25:48 IST" name="testOpenUrl" finished-at="2025-07-20T12:25:48 IST" duration-ms="3" status="PASS">
          <reporter-output>
          </reporter-output>
        </test-method> <!-- testOpenUrl -->
      </class> <!-- com.practice.tests.DemoTest -->
      <class name="com.practice.test.EbayFunctionalTest">
        <test-method is-config="true" signature="setup()[pri:0, instance:com.practice.test.EbayFunctionalTest@70e38ce1]" started-at="2025-07-20T12:25:35 IST" name="setup" finished-at="2025-07-20T12:25:36 IST" duration-ms="1154" status="PASS">
          <reporter-output>
          </reporter-output>
        </test-method> <!-- setup -->
        <test-method signature="verifyAddToCartFunctionality()[pri:0, instance:com.practice.test.EbayFunctionalTest@70e38ce1]" started-at="2025-07-20T12:25:36 IST" name="verifyAddToCartFunctionality" finished-at="2025-07-20T12:25:48 IST" duration-ms="11620" status="PASS">
          <reporter-output>
          </reporter-output>
        </test-method> <!-- verifyAddToCartFunctionality -->
        <test-method is-config="true" signature="tearDown()[pri:0, instance:com.practice.test.EbayFunctionalTest@70e38ce1]" started-at="2025-07-20T12:25:48 IST" name="tearDown" finished-at="2025-07-20T12:25:48 IST" duration-ms="119" status="PASS">
          <reporter-output>
          </reporter-output>
        </test-method> <!-- tearDown -->
      </class> <!-- com.practice.test.EbayFunctionalTest -->
    </test> <!-- Surefire test -->
  </suite> <!-- Surefire suite -->
</testng-results>
