<?xml version="1.0" encoding="UTF-8"?>
<testsuite xmlns:xsi="http://www.w3.org/2001/XMLSchema-instance" xsi:noNamespaceSchemaLocation="https://maven.apache.org/surefire/maven-surefire-plugin/xsd/surefire-test-report.xsd" name="TestSuite" time="13.139" tests="2" errors="0" skipped="0" failures="0">
  <properties>
[...]
</properties>
  <testcase name="verifyAddToCartFunctionality" classname="com.practice.test.EbayFunctionalTest" time="11.646"/>
  <testcase name="testOpenUrl" classname="com.practice.tests.DemoTest" time="0.003"/>
</testsuite>